<?xml version="1.0" encoding="UTF-8"?>
<coverage generated="1677077961952" clover="3.2.0">
  <project timestamp="1677077961952" name="All files">
    <metrics statements="44" coveredstatements="28" conditionals="41" coveredconditionals="15" methods="9" coveredmethods="7" elements="94" coveredelements="50" complexity="0" loc="44" ncloc="44" packages="1" files="3" classes="3"/>
    <file name="item.js" path="/Users/abod/MA/MA-Projects/gilded-rose-tech-test/src/item.js">
      <metrics statements="4" coveredstatements="4" conditionals="0" coveredconditionals="0" methods="1" coveredmethods="1"/>
      <line num="3" count="9" type="stmt"/>
      <line num="4" count="9" type="stmt"/>
      <line num="5" count="9" type="stmt"/>
      <line num="9" count="3" type="stmt"/>
    </file>
    <file name="itemUpdate.js" path="/Users/abod/MA/MA-Projects/gilded-rose-tech-test/src/itemUpdate.js">
      <metrics statements="11" coveredstatements="11" conditionals="6" coveredconditionals="6" methods="6" coveredmethods="4"/>
      <line num="5" count="3" type="stmt"/>
      <line num="7" count="3" type="cond" truecount="2" falsecount="0"/>
      <line num="8" count="2" type="cond" truecount="2" falsecount="0"/>
      <line num="11" count="3" type="stmt"/>
      <line num="13" count="3" type="stmt"/>
      <line num="17" count="2" type="stmt"/>
      <line num="18" count="2" type="stmt"/>
      <line num="20" count="2" type="stmt"/>
      <line num="24" count="2" type="stmt"/>
      <line num="26" count="2" type="cond" truecount="2" falsecount="0"/>
      <line num="34" count="1" type="stmt"/>
    </file>
    <file name="shop.js" path="/Users/abod/MA/MA-Projects/gilded-rose-tech-test/src/shop.js">
      <metrics statements="29" coveredstatements="13" conditionals="35" coveredconditionals="9" methods="2" coveredmethods="2"/>
      <line num="1" count="1" type="stmt"/>
      <line num="6" count="1" type="stmt"/>
      <line num="10" count="1" type="stmt"/>
      <line num="11" count="1" type="cond" truecount="1" falsecount="1"/>
      <line num="18" count="1" type="cond" truecount="1" falsecount="1"/>
      <line num="19" count="0" type="cond" truecount="0" falsecount="2"/>
      <line num="20" count="0" type="stmt"/>
      <line num="26" count="0" type="cond" truecount="0" falsecount="2"/>
      <line num="27" count="0" type="stmt"/>
      <line num="28" count="0" type="cond" truecount="0" falsecount="2"/>
      <line num="33" count="0" type="cond" truecount="0" falsecount="2"/>
      <line num="34" count="0" type="cond" truecount="0" falsecount="2"/>
      <line num="35" count="0" type="stmt"/>
      <line num="39" count="0" type="cond" truecount="0" falsecount="2"/>
      <line num="40" count="0" type="cond" truecount="0" falsecount="2"/>
      <line num="41" count="0" type="stmt"/>
      <line num="48" count="1" type="cond" truecount="1" falsecount="1"/>
      <line num="49" count="1" type="stmt"/>
      <line num="52" count="1" type="cond" truecount="1" falsecount="1"/>
      <line num="53" count="1" type="cond" truecount="1" falsecount="1"/>
      <line num="54" count="1" type="cond" truecount="1" falsecount="1"/>
      <line num="58" count="1" type="cond" truecount="1" falsecount="1"/>
      <line num="59" count="0" type="cond" truecount="0" falsecount="2"/>
      <line num="60" count="0" type="stmt"/>
      <line num="65" count="0" type="stmt"/>
      <line num="70" count="0" type="cond" truecount="0" falsecount="2"/>
      <line num="71" count="0" type="stmt"/>
      <line num="77" count="1" type="stmt"/>
      <line num="81" count="1" type="stmt"/>
    </file>
  </project>
</coverage>
