{"/Users/abod/MA/MA-Projects/gilded-rose-tech-test/src/item.js": {"path":"/Users/abod/MA/MA-Projects/gilded-rose-tech-test/src/item.js","statementMap":{"0":{"start":{"line":3,"column":4},"end":{"line":3,"column":21}},"1":{"start":{"line":4,"column":4},"end":{"line":4,"column":25}},"2":{"start":{"line":5,"column":4},"end":{"line":5,"column":27}},"3":{"start":{"line":9,"column":0},"end":{"line":9,"column":22}}},"fnMap":{"0":{"name":"(anonymous_0)","decl":{"start":{"line":2,"column":2},"end":{"line":2,"column":3}},"loc":{"start":{"line":2,"column":37},"end":{"line":6,"column":3}},"line":2}},"branchMap":{},"s":{"0":20,"1":20,"2":20,"3":3},"f":{"0":20},"b":{},"_coverageSchema":"1a1c01bbd47fc00a2c39e90264f33305004495a9","hash":"da5d51e9d0070642b9a9ec03f8dcc04003a3ef96"}
,"/Users/abod/MA/MA-Projects/gilded-rose-tech-test/src/itemUpdate.js": {"path":"/Users/abod/MA/MA-Projects/gilded-rose-tech-test/src/itemUpdate.js","statementMap":{"0":{"start":{"line":5,"column":22},"end":{"line":5,"column":38}},"1":{"start":{"line":7,"column":4},"end":{"line":9,"column":5}},"2":{"start":{"line":8,"column":6},"end":{"line":8,"column":40}},"3":{"start":{"line":11,"column":4},"end":{"line":11,"column":18}},"4":{"start":{"line":13,"column":4},"end":{"line":13,"column":16}},"5":{"start":{"line":17,"column":4},"end":{"line":17,"column":18}},"6":{"start":{"line":18,"column":4},"end":{"line":18,"column":19}},"7":{"start":{"line":20,"column":4},"end":{"line":20,"column":16}},"8":{"start":{"line":24,"column":18},"end":{"line":24,"column":65}},"9":{"start":{"line":26,"column":4},"end":{"line":26,"column":60}},"10":{"start":{"line":30,"column":22},"end":{"line":30,"column":38}},"11":{"start":{"line":32,"column":4},"end":{"line":35,"column":5}},"12":{"start":{"line":33,"column":6},"end":{"line":33,"column":40}},"13":{"start":{"line":34,"column":6},"end":{"line":34,"column":59}},"14":{"start":{"line":37,"column":4},"end":{"line":37,"column":18}},"15":{"start":{"line":39,"column":4},"end":{"line":39,"column":16}},"16":{"start":{"line":43,"column":28},"end":{"line":43,"column":65}},"17":{"start":{"line":44,"column":28},"end":{"line":44,"column":63}},"18":{"start":{"line":46,"column":4},"end":{"line":52,"column":5}},"19":{"start":{"line":47,"column":6},"end":{"line":47,"column":24}},"20":{"start":{"line":48,"column":11},"end":{"line":52,"column":5}},"21":{"start":{"line":49,"column":6},"end":{"line":49,"column":24}},"22":{"start":{"line":51,"column":6},"end":{"line":51,"column":21}},"23":{"start":{"line":54,"column":4},"end":{"line":54,"column":18}},"24":{"start":{"line":58,"column":0},"end":{"line":58,"column":28}}},"fnMap":{"0":{"name":"(anonymous_0)","decl":{"start":{"line":2,"column":2},"end":{"line":2,"column":3}},"loc":{"start":{"line":2,"column":16},"end":{"line":2,"column":18}},"line":2},"1":{"name":"(anonymous_1)","decl":{"start":{"line":4,"column":2},"end":{"line":4,"column":3}},"loc":{"start":{"line":4,"column":19},"end":{"line":14,"column":3}},"line":4},"2":{"name":"(anonymous_2)","decl":{"start":{"line":16,"column":2},"end":{"line":16,"column":3}},"loc":{"start":{"line":16,"column":17},"end":{"line":21,"column":3}},"line":16},"3":{"name":"(anonymous_3)","decl":{"start":{"line":23,"column":2},"end":{"line":23,"column":3}},"loc":{"start":{"line":23,"column":17},"end":{"line":27,"column":3}},"line":23},"4":{"name":"(anonymous_4)","decl":{"start":{"line":29,"column":2},"end":{"line":29,"column":3}},"loc":{"start":{"line":29,"column":17},"end":{"line":40,"column":3}},"line":29},"5":{"name":"(anonymous_5)","decl":{"start":{"line":42,"column":2},"end":{"line":42,"column":3}},"loc":{"start":{"line":42,"column":22},"end":{"line":55,"column":3}},"line":42}},"branchMap":{"0":{"loc":{"start":{"line":7,"column":4},"end":{"line":9,"column":5}},"type":"if","locations":[{"start":{"line":7,"column":4},"end":{"line":9,"column":5}},{"start":{},"end":{}}],"line":7},"1":{"loc":{"start":{"line":8,"column":22},"end":{"line":8,"column":39}},"type":"cond-expr","locations":[{"start":{"line":8,"column":34},"end":{"line":8,"column":35}},{"start":{"line":8,"column":38},"end":{"line":8,"column":39}}],"line":8},"2":{"loc":{"start":{"line":26,"column":4},"end":{"line":26,"column":59}},"type":"cond-expr","locations":[{"start":{"line":26,"column":26},"end":{"line":26,"column":38}},{"start":{"line":26,"column":41},"end":{"line":26,"column":59}}],"line":26},"3":{"loc":{"start":{"line":32,"column":4},"end":{"line":35,"column":5}},"type":"if","locations":[{"start":{"line":32,"column":4},"end":{"line":35,"column":5}},{"start":{},"end":{}}],"line":32},"4":{"loc":{"start":{"line":33,"column":22},"end":{"line":33,"column":39}},"type":"cond-expr","locations":[{"start":{"line":33,"column":34},"end":{"line":33,"column":35}},{"start":{"line":33,"column":38},"end":{"line":33,"column":39}}],"line":33},"5":{"loc":{"start":{"line":34,"column":6},"end":{"line":34,"column":58}},"type":"cond-expr","locations":[{"start":{"line":34,"column":26},"end":{"line":34,"column":42}},{"start":{"line":34,"column":46},"end":{"line":34,"column":58}}],"line":34},"6":{"loc":{"start":{"line":43,"column":28},"end":{"line":43,"column":65}},"type":"binary-expr","locations":[{"start":{"line":43,"column":28},"end":{"line":43,"column":45}},{"start":{"line":43,"column":49},"end":{"line":43,"column":65}}],"line":43},"7":{"loc":{"start":{"line":44,"column":28},"end":{"line":44,"column":63}},"type":"binary-expr","locations":[{"start":{"line":44,"column":28},"end":{"line":44,"column":44}},{"start":{"line":44,"column":48},"end":{"line":44,"column":63}}],"line":44},"8":{"loc":{"start":{"line":46,"column":4},"end":{"line":52,"column":5}},"type":"if","locations":[{"start":{"line":46,"column":4},"end":{"line":52,"column":5}},{"start":{"line":48,"column":11},"end":{"line":52,"column":5}}],"line":46},"9":{"loc":{"start":{"line":48,"column":11},"end":{"line":52,"column":5}},"type":"if","locations":[{"start":{"line":48,"column":11},"end":{"line":52,"column":5}},{"start":{"line":50,"column":11},"end":{"line":52,"column":5}}],"line":48}},"s":{"0":3,"1":3,"2":2,"3":3,"4":3,"5":2,"6":2,"7":2,"8":2,"9":2,"10":4,"11":4,"12":4,"13":4,"14":4,"15":4,"16":15,"17":15,"18":15,"19":6,"20":9,"21":6,"22":3,"23":15,"24":1},"f":{"0":18,"1":3,"2":2,"3":2,"4":4,"5":15},"b":{"0":[2,1],"1":[1,1],"2":[1,1],"3":[4,0],"4":[2,2],"5":[2,2],"6":[15,13],"7":[15,7],"8":[6,9],"9":[6,3]},"_coverageSchema":"1a1c01bbd47fc00a2c39e90264f33305004495a9","hash":"921fa35a765dc3e28310398ad3dfc19531dc8ca1"}
,"/Users/abod/MA/MA-Projects/gilded-rose-tech-test/src/shop.js": {"path":"/Users/abod/MA/MA-Projects/gilded-rose-tech-test/src/shop.js","statementMap":{"0":{"start":{"line":1,"column":0},"end":{"line":1,"column":18}},"1":{"start":{"line":6,"column":4},"end":{"line":6,"column":23}},"2":{"start":{"line":10,"column":4},"end":{"line":75,"column":5}},"3":{"start":{"line":10,"column":17},"end":{"line":10,"column":18}},"4":{"start":{"line":11,"column":6},"end":{"line":46,"column":7}},"5":{"start":{"line":18,"column":8},"end":{"line":22,"column":9}},"6":{"start":{"line":19,"column":10},"end":{"line":21,"column":11}},"7":{"start":{"line":20,"column":12},"end":{"line":20,"column":62}},"8":{"start":{"line":26,"column":8},"end":{"line":45,"column":9}},"9":{"start":{"line":27,"column":10},"end":{"line":27,"column":60}},"10":{"start":{"line":28,"column":10},"end":{"line":44,"column":11}},"11":{"start":{"line":33,"column":12},"end":{"line":37,"column":13}},"12":{"start":{"line":34,"column":14},"end":{"line":36,"column":15}},"13":{"start":{"line":35,"column":16},"end":{"line":35,"column":66}},"14":{"start":{"line":39,"column":12},"end":{"line":43,"column":13}},"15":{"start":{"line":40,"column":14},"end":{"line":42,"column":15}},"16":{"start":{"line":41,"column":16},"end":{"line":41,"column":66}},"17":{"start":{"line":48,"column":6},"end":{"line":50,"column":7}},"18":{"start":{"line":49,"column":8},"end":{"line":49,"column":56}},"19":{"start":{"line":52,"column":6},"end":{"line":74,"column":7}},"20":{"start":{"line":53,"column":8},"end":{"line":73,"column":9}},"21":{"start":{"line":54,"column":10},"end":{"line":67,"column":11}},"22":{"start":{"line":58,"column":12},"end":{"line":62,"column":13}},"23":{"start":{"line":59,"column":14},"end":{"line":61,"column":15}},"24":{"start":{"line":60,"column":16},"end":{"line":60,"column":66}},"25":{"start":{"line":65,"column":12},"end":{"line":66,"column":60}},"26":{"start":{"line":70,"column":10},"end":{"line":72,"column":11}},"27":{"start":{"line":71,"column":12},"end":{"line":71,"column":62}},"28":{"start":{"line":77,"column":4},"end":{"line":77,"column":22}},"29":{"start":{"line":81,"column":0},"end":{"line":81,"column":22}}},"fnMap":{"0":{"name":"(anonymous_0)","decl":{"start":{"line":5,"column":2},"end":{"line":5,"column":3}},"loc":{"start":{"line":5,"column":26},"end":{"line":7,"column":3}},"line":5},"1":{"name":"(anonymous_1)","decl":{"start":{"line":8,"column":2},"end":{"line":8,"column":3}},"loc":{"start":{"line":8,"column":18},"end":{"line":78,"column":3}},"line":8}},"branchMap":{"0":{"loc":{"start":{"line":5,"column":14},"end":{"line":5,"column":24}},"type":"default-arg","locations":[{"start":{"line":5,"column":22},"end":{"line":5,"column":24}}],"line":5},"1":{"loc":{"start":{"line":11,"column":6},"end":{"line":46,"column":7}},"type":"if","locations":[{"start":{"line":11,"column":6},"end":{"line":46,"column":7}},{"start":{"line":24,"column":13},"end":{"line":46,"column":7}}],"line":11},"2":{"loc":{"start":{"line":12,"column":8},"end":{"line":13,"column":73}},"type":"binary-expr","locations":[{"start":{"line":12,"column":8},"end":{"line":12,"column":41}},{"start":{"line":13,"column":8},"end":{"line":13,"column":73}}],"line":12},"3":{"loc":{"start":{"line":18,"column":8},"end":{"line":22,"column":9}},"type":"if","locations":[{"start":{"line":18,"column":8},"end":{"line":22,"column":9}},{"start":{},"end":{}}],"line":18},"4":{"loc":{"start":{"line":19,"column":10},"end":{"line":21,"column":11}},"type":"if","locations":[{"start":{"line":19,"column":10},"end":{"line":21,"column":11}},{"start":{},"end":{}}],"line":19},"5":{"loc":{"start":{"line":26,"column":8},"end":{"line":45,"column":9}},"type":"if","locations":[{"start":{"line":26,"column":8},"end":{"line":45,"column":9}},{"start":{},"end":{}}],"line":26},"6":{"loc":{"start":{"line":28,"column":10},"end":{"line":44,"column":11}},"type":"if","locations":[{"start":{"line":28,"column":10},"end":{"line":44,"column":11}},{"start":{},"end":{}}],"line":28},"7":{"loc":{"start":{"line":33,"column":12},"end":{"line":37,"column":13}},"type":"if","locations":[{"start":{"line":33,"column":12},"end":{"line":37,"column":13}},{"start":{},"end":{}}],"line":33},"8":{"loc":{"start":{"line":34,"column":14},"end":{"line":36,"column":15}},"type":"if","locations":[{"start":{"line":34,"column":14},"end":{"line":36,"column":15}},{"start":{},"end":{}}],"line":34},"9":{"loc":{"start":{"line":39,"column":12},"end":{"line":43,"column":13}},"type":"if","locations":[{"start":{"line":39,"column":12},"end":{"line":43,"column":13}},{"start":{},"end":{}}],"line":39},"10":{"loc":{"start":{"line":40,"column":14},"end":{"line":42,"column":15}},"type":"if","locations":[{"start":{"line":40,"column":14},"end":{"line":42,"column":15}},{"start":{},"end":{}}],"line":40},"11":{"loc":{"start":{"line":48,"column":6},"end":{"line":50,"column":7}},"type":"if","locations":[{"start":{"line":48,"column":6},"end":{"line":50,"column":7}},{"start":{},"end":{}}],"line":48},"12":{"loc":{"start":{"line":52,"column":6},"end":{"line":74,"column":7}},"type":"if","locations":[{"start":{"line":52,"column":6},"end":{"line":74,"column":7}},{"start":{},"end":{}}],"line":52},"13":{"loc":{"start":{"line":53,"column":8},"end":{"line":73,"column":9}},"type":"if","locations":[{"start":{"line":53,"column":8},"end":{"line":73,"column":9}},{"start":{"line":68,"column":15},"end":{"line":73,"column":9}}],"line":53},"14":{"loc":{"start":{"line":54,"column":10},"end":{"line":67,"column":11}},"type":"if","locations":[{"start":{"line":54,"column":10},"end":{"line":67,"column":11}},{"start":{"line":63,"column":17},"end":{"line":67,"column":11}}],"line":54},"15":{"loc":{"start":{"line":58,"column":12},"end":{"line":62,"column":13}},"type":"if","locations":[{"start":{"line":58,"column":12},"end":{"line":62,"column":13}},{"start":{},"end":{}}],"line":58},"16":{"loc":{"start":{"line":59,"column":14},"end":{"line":61,"column":15}},"type":"if","locations":[{"start":{"line":59,"column":14},"end":{"line":61,"column":15}},{"start":{},"end":{}}],"line":59},"17":{"loc":{"start":{"line":70,"column":10},"end":{"line":72,"column":11}},"type":"if","locations":[{"start":{"line":70,"column":10},"end":{"line":72,"column":11}},{"start":{},"end":{}}],"line":70}},"s":{"0":1,"1":1,"2":1,"3":1,"4":1,"5":1,"6":0,"7":0,"8":0,"9":0,"10":0,"11":0,"12":0,"13":0,"14":0,"15":0,"16":0,"17":1,"18":1,"19":1,"20":1,"21":1,"22":1,"23":0,"24":0,"25":0,"26":0,"27":0,"28":1,"29":1},"f":{"0":1,"1":1},"b":{"0":[0],"1":[1,0],"2":[1,1],"3":[0,1],"4":[0,0],"5":[0,0],"6":[0,0],"7":[0,0],"8":[0,0],"9":[0,0],"10":[0,0],"11":[1,0],"12":[1,0],"13":[1,0],"14":[1,0],"15":[0,1],"16":[0,0],"17":[0,0]},"_coverageSchema":"1a1c01bbd47fc00a2c39e90264f33305004495a9","hash":"b7f61d8ae1e3d97f1097b9fb13a8144b916a977d"}
}
