TN:
SF:src/item.js
FN:2,(anonymous_0)
FNF:1
FNH:1
FNDA:9,(anonymous_0)
DA:3,9
DA:4,9
DA:5,9
DA:9,3
LF:4
LH:4
BRF:0
BRH:0
end_of_record
TN:
SF:src/itemUpdate.js
FN:2,(anonymous_0)
FN:4,(anonymous_1)
FN:16,(anonymous_2)
FN:23,(anonymous_3)
FN:29,(anonymous_4)
FN:31,(anonymous_5)
FNF:6
FNH:4
FNDA:7,(anonymous_0)
FNDA:3,(anonymous_1)
FNDA:2,(anonymous_2)
FNDA:2,(anonymous_3)
FNDA:0,(anonymous_4)
FNDA:0,(anonymous_5)
DA:5,3
DA:7,3
DA:8,2
DA:11,3
DA:13,3
DA:17,2
DA:18,2
DA:20,2
DA:24,2
DA:26,2
DA:34,1
LF:11
LH:11
BRDA:7,0,0,2
BRDA:7,0,1,1
BRDA:8,1,0,1
BRDA:8,1,1,1
BRDA:26,2,0,1
BRDA:26,2,1,1
BRF:6
BRH:6
end_of_record
TN:
SF:src/shop.js
FN:5,(anonymous_0)
FN:8,(anonymous_1)
FNF:2
FNH:2
FNDA:1,(anonymous_0)
FNDA:1,(anonymous_1)
DA:1,1
DA:6,1
DA:10,1
DA:11,1
DA:18,1
DA:19,0
DA:20,0
DA:26,0
DA:27,0
DA:28,0
DA:33,0
DA:34,0
DA:35,0
DA:39,0
DA:40,0
DA:41,0
DA:48,1
DA:49,1
DA:52,1
DA:53,1
DA:54,1
DA:58,1
DA:59,0
DA:60,0
DA:65,0
DA:70,0
DA:71,0
DA:77,1
DA:81,1
LF:29
LH:13
BRDA:5,0,0,0
BRDA:11,1,0,1
BRDA:11,1,1,0
BRDA:12,2,0,1
BRDA:12,2,1,1
BRDA:18,3,0,0
BRDA:18,3,1,1
BRDA:19,4,0,0
BRDA:19,4,1,0
BRDA:26,5,0,0
BRDA:26,5,1,0
BRDA:28,6,0,0
BRDA:28,6,1,0
BRDA:33,7,0,0
BRDA:33,7,1,0
BRDA:34,8,0,0
BRDA:34,8,1,0
BRDA:39,9,0,0
BRDA:39,9,1,0
BRDA:40,10,0,0
BRDA:40,10,1,0
BRDA:48,11,0,1
BRDA:48,11,1,0
BRDA:52,12,0,1
BRDA:52,12,1,0
BRDA:53,13,0,1
BRDA:53,13,1,0
BRDA:54,14,0,1
BRDA:54,14,1,0
BRDA:58,15,0,0
BRDA:58,15,1,1
BRDA:59,16,0,0
BRDA:59,16,1,0
BRDA:70,17,0,0
BRDA:70,17,1,0
BRF:35
BRH:9
end_of_record
